{"E:\\Stockbit-Assignment\\Soal2\\src\\hooks\\useInfiniteScroll.jsx": {"path":"E:\\Stockbit-Assignment\\Soal2\\src\\hooks\\useInfiniteScroll.jsx","statementMap":{"0":{"start":{"line":4,"column":8},"end":{"line":4,"column":null}},"1":{"start":{"line":6,"column":8},"end":{"line":21,"column":null}},"2":{"start":{"line":8,"column":6},"end":{"line":8,"column":null}},"3":{"start":{"line":8,"column":19},"end":{"line":8,"column":null}},"4":{"start":{"line":10,"column":6},"end":{"line":10,"column":null}},"5":{"start":{"line":10,"column":28},"end":{"line":10,"column":null}},"6":{"start":{"line":12,"column":6},"end":{"line":16,"column":null}},"7":{"start":{"line":13,"column":8},"end":{"line":15,"column":null}},"8":{"start":{"line":14,"column":10},"end":{"line":14,"column":null}},"9":{"start":{"line":18,"column":6},"end":{"line":18,"column":null}},"10":{"start":{"line":18,"column":16},"end":{"line":18,"column":null}},"11":{"start":{"line":23,"column":2},"end":{"line":23,"column":null}}},"fnMap":{"0":{"name":"useInfiniteScroll","decl":{"start":{"line":3,"column":16},"end":{"line":3,"column":34}},"loc":{"start":{"line":3,"column":64},"end":{"line":24,"column":null}},"line":3},"1":{"name":"(anonymous_1)","decl":{"start":{"line":7,"column":4},"end":{"line":7,"column":5}},"loc":{"start":{"line":7,"column":14},"end":{"line":19,"column":null}},"line":7},"2":{"name":"(anonymous_2)","decl":{"start":{"line":12,"column":50},"end":{"line":12,"column":51}},"loc":{"start":{"line":12,"column":63},"end":{"line":16,"column":7}},"line":12}},"branchMap":{"0":{"loc":{"start":{"line":8,"column":6},"end":{"line":8,"column":null}},"type":"if","locations":[{"start":{"line":8,"column":6},"end":{"line":8,"column":null}},{"start":{},"end":{}}],"line":8},"1":{"loc":{"start":{"line":10,"column":6},"end":{"line":10,"column":null}},"type":"if","locations":[{"start":{"line":10,"column":6},"end":{"line":10,"column":null}},{"start":{},"end":{}}],"line":10},"2":{"loc":{"start":{"line":13,"column":8},"end":{"line":15,"column":null}},"type":"if","locations":[{"start":{"line":13,"column":8},"end":{"line":15,"column":null}},{"start":{},"end":{}}],"line":13},"3":{"loc":{"start":{"line":13,"column":12},"end":{"line":13,"column":50}},"type":"binary-expr","locations":[{"start":{"line":13,"column":12},"end":{"line":13,"column":41}},{"start":{"line":13,"column":41},"end":{"line":13,"column":50}}],"line":13},"4":{"loc":{"start":{"line":18,"column":6},"end":{"line":18,"column":null}},"type":"if","locations":[{"start":{"line":18,"column":6},"end":{"line":18,"column":null}},{"start":{},"end":{}}],"line":18}},"s":{"0":6,"1":6,"2":7,"3":1,"4":6,"5":6,"6":6,"7":2,"8":1,"9":6,"10":5,"11":6},"f":{"0":6,"1":7,"2":2},"b":{"0":[1,6],"1":[1,5],"2":[1,1],"3":[2,2],"4":[5,1]},"meta":{"lastBranch":5,"lastFunction":3,"lastStatement":12,"seen":{"f:3:16:3:34":0,"s:4:8:4:Infinity":0,"s:6:8:21:Infinity":1,"f:7:4:7:5":1,"b:8:6:8:Infinity:undefined:undefined:undefined:undefined":0,"s:8:6:8:Infinity":2,"s:8:19:8:Infinity":3,"b:10:6:10:Infinity:undefined:undefined:undefined:undefined":1,"s:10:6:10:Infinity":4,"s:10:28:10:Infinity":5,"s:12:6:16:Infinity":6,"f:12:50:12:51":2,"b:13:8:15:Infinity:undefined:undefined:undefined:undefined":2,"s:13:8:15:Infinity":7,"b:13:12:13:41:13:41:13:50":3,"s:14:10:14:Infinity":8,"b:18:6:18:Infinity:undefined:undefined:undefined:undefined":4,"s:18:6:18:Infinity":9,"s:18:16:18:Infinity":10,"s:23:2:23:Infinity":11}}}
}
